<?xml version="1.0" encoding="UTF-8"?>
<!-- Generated by org.testng.reporters.JUnitReportReporter -->
<testsuite hostname="AGRNT-WS-002" failures="0" tests="1" name="Testcases.LoginFacebookPOM" time="2.546" errors="0" timestamp="2022-08-22T12:32:11 IST" skipped="0">
  <testcase classname="Testcases.LoginFacebookPOM" name="LoginFacebookPOM" time="2.546"/>
  <system-out/>
</testsuite> <!-- Testcases.LoginFacebookPOM -->
