<?xml version="1.0" encoding="UTF-8"?>
<!-- Generated by org.testng.reporters.JUnitReportReporter -->
<testsuite hostname="AGRNT-WS-002" failures="0" tests="1" name="Testcases.LoginPOF" time="3.256" errors="0" timestamp="2022-08-22T12:11:42 IST" skipped="0">
  <testcase classname="Testcases.LoginPOF" name="login" time="3.256"/>
  <system-out/>
</testsuite> <!-- Testcases.LoginPOF -->
